(---------------------------------------------------------------------)
(                                                                     )
(    Allegro Netrev Import Logic                                      )
(                                                                     )
(    Drawing          : MY_TEST801.brd                                )
(    Software Version : 17.2P019                                      )
(    Date/Time        : Thu Aug 01 10:10:30 2019                      )
(                                                                     )
(---------------------------------------------------------------------)


------ Directives ------------

Ripup etch:                  No
Ripup delete first segment:  No
Ripup retain bondwire:       No
Ripup symbols:               Always
Missing symbol has error:    No
DRC update:                  Yes
Schematic directory:         'C:\USERS\USER\DESKTOP\WORK_ORCAD\MY_TEST801\allegro'
Design Directory:            '.'
Old design name:             'MY_TEST801.brd'
New design name:             'MY_TEST801.brd'

CmdLine: netrev.exe -y 1 -n -i C:\USERS\USER\DESKTOP\WORK_ORCAD\MY_TEST801\allegro C:\USERS\USER\DESKTOP\WORK_ORCAD\MY_TEST801\allegro\MY_TEST801.brd C:\USERS\USER\DESKTOP\WORK_ORCAD\MY_TEST801\allegro\MY_TEST801.brd

------ Preparing to read pst files ------

Starting to read C:/USERS/USER/DESKTOP/WORK_ORCAD/MY_TEST801/allegro/pstchip.dat 
   Finished reading C:/USERS/USER/DESKTOP/WORK_ORCAD/MY_TEST801/allegro/pstchip.dat (00:00:00.05)
Starting to read C:/USERS/USER/DESKTOP/WORK_ORCAD/MY_TEST801/allegro/pstxprt.dat 
   Finished reading C:/USERS/USER/DESKTOP/WORK_ORCAD/MY_TEST801/allegro/pstxprt.dat (00:00:00.00)
Starting to read C:/USERS/USER/DESKTOP/WORK_ORCAD/MY_TEST801/allegro/pstxnet.dat 
   Finished reading C:/USERS/USER/DESKTOP/WORK_ORCAD/MY_TEST801/allegro/pstxnet.dat (00:00:00.00)

------ Oversights/Warnings/Errors ------


------ Library Paths ------
MODULEPATH =  . 
           C:/Users/user/Desktop/share/local/pcb/modules 

PSMPATH =  . 
           symbols 
           .. 
           ../symbols 
           C:/Users/user/Desktop/share/local/pcb/symbols 
           C:/Users/user/Desktop/share/pcb/pcb_lib/symbols 
           C:/Users/user/Desktop/share/pcb/allegrolib/symbols 
           C:/Users/user/Desktop/work/PCB_Lib/psm/ 

PADPATH =  . 
           symbols 
           .. 
           ../symbols 
           C:/Users/user/Desktop/share/local/pcb/padstacks 
           C:/Users/user/Desktop/share/pcb/pcb_lib/symbols 
           C:/Users/user/Desktop/share/pcb/allegrolib/symbols 
           C:/Users/user/Desktop/work/PCB_Lib/pad/ 


------ Summary Statistics ------


netrev run on Aug 1 10:10:30 2019
   DESIGN NAME : 'MY_TEST801'
   PACKAGING ON Mar  2 2016 00:37:24

   COMPILE 'logic'
   CHECK_PIN_NAMES OFF
   CROSS_REFERENCE OFF
   FEEDBACK OFF
   INCREMENTAL OFF
   INTERFACE_TYPE PHYSICAL
   MAX_ERRORS 500
   MERGE_MINIMUM 5
   NET_NAME_CHARS '#%&()*+-./:=>?@[]^_`|'
   NET_NAME_LENGTH 24
   OVERSIGHTS ON
   REPLACE_CHECK OFF
   SINGLE_NODE_NETS ON
   SPLIT_MINIMUM 0
   SUPPRESS   20
   WARNINGS ON

 No error detected
 No oversight detected
 No warning detected

cpu time      0:05:40
elapsed time  0:00:01

